2021-07-02 00:32:28 [main] INFO  a.training.AssignmentEquApplication -
				Starting AssignmentEquApplication using Java 15.0.1 on Sai-VivoBook with PID 1624 (C:\Users\viren\Desktop\ust-module2-secondbranch-finalRecieved\target\classes started by viren in C:\Users\viren\Desktop\ust-module2-secondbranch-finalRecieved)
2021-07-02 00:32:28 [main] INFO  a.training.AssignmentEquApplication -
				No active profile set, falling back to default profiles: default
2021-07-02 00:32:28 [main] INFO  o.s.d.r.c.RepositoryConfigurationDelegate -
				Bootstrapping Spring Data JPA repositories in DEFAULT mode.
2021-07-02 00:32:29 [main] INFO  o.s.d.r.c.RepositoryConfigurationDelegate -
				Finished Spring Data repository scanning in 39 ms. Found 1 JPA repository interfaces.
2021-07-02 00:32:29 [main] INFO  o.s.b.w.e.tomcat.TomcatWebServer -
				Tomcat initialized with port(s): 8088 (http)
2021-07-02 00:32:29 [main] INFO  o.a.coyote.http11.Http11NioProtocol -
				Initializing ProtocolHandler ["http-nio-8088"]
2021-07-02 00:32:29 [main] INFO  o.a.catalina.core.StandardService -
				Starting service [Tomcat]
2021-07-02 00:32:29 [main] INFO  o.a.catalina.core.StandardEngine -
				Starting Servlet engine: [Apache Tomcat/9.0.48]
2021-07-02 00:32:29 [main] INFO  o.a.c.c.C.[Tomcat].[localhost].[/] -
				Initializing Spring embedded WebApplicationContext
2021-07-02 00:32:29 [main] INFO  o.s.b.w.s.c.ServletWebServerApplicationContext -
				Root WebApplicationContext: initialization completed in 1284 ms
2021-07-02 00:32:29 [main] INFO  o.h.jpa.internal.util.LogHelper -
				HHH000204: Processing PersistenceUnitInfo [name: default]
2021-07-02 00:32:29 [main] INFO  org.hibernate.Version -
				HHH000412: Hibernate ORM core version 5.4.32.Final
2021-07-02 00:32:29 [main] INFO  o.h.annotations.common.Version -
				HCANN000001: Hibernate Commons Annotations {5.1.2.Final}
2021-07-02 00:32:29 [main] INFO  com.zaxxer.hikari.HikariDataSource -
				HikariPool-1 - Starting...
2021-07-02 00:32:30 [main] INFO  com.zaxxer.hikari.HikariDataSource -
				HikariPool-1 - Start completed.
2021-07-02 00:32:30 [main] INFO  org.hibernate.dialect.Dialect -
				HHH000400: Using dialect: org.hibernate.dialect.MySQL8Dialect
2021-07-02 00:32:30 [main] INFO  o.h.e.t.j.p.i.JtaPlatformInitiator -
				HHH000490: Using JtaPlatform implementation: [org.hibernate.engine.transaction.jta.platform.internal.NoJtaPlatform]
2021-07-02 00:32:30 [main] INFO  o.s.o.j.LocalContainerEntityManagerFactoryBean -
				Initialized JPA EntityManagerFactory for persistence unit 'default'
2021-07-02 00:32:31 [main] WARN  o.s.b.a.o.j.JpaBaseConfiguration$JpaWebConfiguration -
				spring.jpa.open-in-view is enabled by default. Therefore, database queries may be performed during view rendering. Explicitly configure spring.jpa.open-in-view to disable this warning
2021-07-02 00:32:31 [main] INFO  s.d.s.w.PropertySourcedRequestMappingHandlerMapping -
				Mapped URL path [/v2/api-docs] onto method [springfox.documentation.swagger2.web.Swagger2Controller#getDocumentation(String, HttpServletRequest)]
2021-07-02 00:32:31 [main] INFO  o.a.coyote.http11.Http11NioProtocol -
				Starting ProtocolHandler ["http-nio-8088"]
2021-07-02 00:32:31 [main] INFO  o.s.b.w.e.tomcat.TomcatWebServer -
				Tomcat started on port(s): 8088 (http) with context path ''
2021-07-02 00:32:31 [main] INFO  s.d.s.w.p.DocumentationPluginsBootstrapper -
				Context refreshed
2021-07-02 00:32:31 [main] INFO  s.d.s.w.p.DocumentationPluginsBootstrapper -
				Found 1 custom documentation plugin(s)
2021-07-02 00:32:31 [main] INFO  s.d.s.w.s.ApiListingReferenceScanner -
				Scanning for api listing references
2021-07-02 00:32:31 [main] INFO  a.training.AssignmentEquApplication -
				Started AssignmentEquApplication in 3.932 seconds (JVM running for 4.671)
2021-07-02 00:32:39 [http-nio-8088-exec-1] INFO  o.a.c.c.C.[Tomcat].[localhost].[/] -
				Initializing Spring DispatcherServlet 'dispatcherServlet'
2021-07-02 00:32:39 [http-nio-8088-exec-1] INFO  o.s.web.servlet.DispatcherServlet -
				Initializing Servlet 'dispatcherServlet'
2021-07-02 00:32:39 [http-nio-8088-exec-1] INFO  o.s.web.servlet.DispatcherServlet -
				Completed initialization in 1 ms
2021-07-02 00:34:00 [scheduling-1] INFO  a.training.AssignmentEquApplication -
				delete started 
2021-07-02 00:34:00 [scheduling-1] INFO  a.training.AssignmentEquApplication -
				Deleting following records
2021-07-02 00:34:00 [scheduling-1] INFO  a.training.AssignmentEquApplication -
				Id: 1, First Name: string, Last Name: string
2021-07-02 00:36:00 [scheduling-1] INFO  a.training.AssignmentEquApplication -
				delete started 
2021-07-02 00:36:00 [scheduling-1] INFO  a.training.AssignmentEquApplication -
				Deleting following records
2021-07-02 00:38:00 [scheduling-1] INFO  a.training.AssignmentEquApplication -
				delete started 
2021-07-02 00:38:00 [scheduling-1] INFO  a.training.AssignmentEquApplication -
				Deleting following records
2021-07-02 00:38:00 [scheduling-1] INFO  a.training.AssignmentEquApplication -
				Id: 1, First Name: john, Last Name: string
2021-07-02 00:40:00 [scheduling-1] INFO  a.training.AssignmentEquApplication -
				delete started 
2021-07-02 00:40:00 [scheduling-1] INFO  a.training.AssignmentEquApplication -
				Deleting following records
2021-07-02 00:41:08 [RMI TCP Connection(12)-127.0.0.1] INFO  o.s.b.a.SpringApplicationAdminMXBeanRegistrar$SpringApplicationAdmin -
				Application shutdown requested.
2021-07-02 00:41:08 [RMI TCP Connection(12)-127.0.0.1] INFO  o.s.o.j.LocalContainerEntityManagerFactoryBean -
				Closing JPA EntityManagerFactory for persistence unit 'default'
2021-07-02 00:41:08 [RMI TCP Connection(12)-127.0.0.1] INFO  com.zaxxer.hikari.HikariDataSource -
				HikariPool-1 - Shutdown initiated...
2021-07-02 00:41:08 [RMI TCP Connection(12)-127.0.0.1] INFO  com.zaxxer.hikari.HikariDataSource -
				HikariPool-1 - Shutdown completed.
